<?xml version="1.0" encoding="UTF-8"?>
<!-- Generated by org.testng.reporters.JUnitReportReporter -->
<testsuite hostname="MSANJU" failures="0" tests="1" name="com.Calculator.Testcases.TC_build1_001" time="39.128" errors="0" timestamp="2023-09-03T14:05:56 IST" skipped="0">
  <testcase classname="com.Calculator.Testcases.TC_build1_001" name="textAndClaer" time="39.128"/>
</testsuite> <!-- com.Calculator.Testcases.TC_build1_001 -->
